<?xml version="1.0" encoding="UTF-8"?>
<!-- Generated by org.testng.reporters.JUnitXMLReporter -->
<testsuite ignored="0" hostname="Mohameds-MacBook-Pro.local" failures="0" tests="3" name="Default test" time="3.311" errors="0" timestamp="2023-06-06T23:12:33 CDT">
  <testcase classname="com.chase.testrestart.DynamicJson" name="addBook" time="2.089"/>
  <testcase classname="com.chase.testrestart.DynamicJson" name="addBook" time="0.6"/>
  <testcase classname="com.chase.testrestart.DynamicJson" name="addBook" time="0.581"/>
</testsuite> <!-- Default test -->
