<?xml version="1.0" encoding="UTF-8"?>
<testng-results ignored="0" total="3" passed="3" failed="0" skipped="0">
  <reporter-output>
  </reporter-output>
  <suite started-at="2023-06-06T23:12:30 CDT" name="Default suite" finished-at="2023-06-06T23:12:33 CDT" duration-ms="3311">
    <groups>
    </groups>
    <test started-at="2023-06-06T23:12:30 CDT" name="Default test" finished-at="2023-06-06T23:12:33 CDT" duration-ms="3311">
      <class name="com.chase.testrestart.DynamicJson">
        <test-method signature="addBook(java.lang.String,java.lang.String)[pri:0, instance:com.chase.testrestart.DynamicJson@6404f418]" started-at="2023-06-06T23:12:30 CDT" name="addBook" data-provider="bookData" finished-at="2023-06-06T23:12:32 CDT" duration-ms="2089" status="PASS">
          <params>
            <param index="0">
              <value>
                <![CDATA[zhd1]]>
              </value>
            </param>
            <param index="1">
              <value>
                <![CDATA[33333]]>
              </value>
            </param>
          </params>
          <reporter-output>
          </reporter-output>
        </test-method> <!-- addBook -->
        <test-method signature="addBook(java.lang.String,java.lang.String)[pri:0, instance:com.chase.testrestart.DynamicJson@6404f418]" started-at="2023-06-06T23:12:32 CDT" name="addBook" data-provider="bookData" finished-at="2023-06-06T23:12:33 CDT" duration-ms="600" status="PASS">
          <params>
            <param index="0">
              <value>
                <![CDATA[zhd2]]>
              </value>
            </param>
            <param index="1">
              <value>
                <![CDATA[33335]]>
              </value>
            </param>
          </params>
          <reporter-output>
          </reporter-output>
        </test-method> <!-- addBook -->
        <test-method signature="addBook(java.lang.String,java.lang.String)[pri:0, instance:com.chase.testrestart.DynamicJson@6404f418]" started-at="2023-06-06T23:12:33 CDT" name="addBook" data-provider="bookData" finished-at="2023-06-06T23:12:33 CDT" duration-ms="581" status="PASS">
          <params>
            <param index="0">
              <value>
                <![CDATA[zhd3e]]>
              </value>
            </param>
            <param index="1">
              <value>
                <![CDATA[33334]]>
              </value>
            </param>
          </params>
          <reporter-output>
          </reporter-output>
        </test-method> <!-- addBook -->
      </class> <!-- com.chase.testrestart.DynamicJson -->
    </test> <!-- Default test -->
  </suite> <!-- Default suite -->
</testng-results>
